Performing C++ SOURCE FILE Test CMAKE_HAVE_LIBC_PTHREAD failed with the following output:
Change Dir: /home/heindelj/dev/c++_projects/ChemLab/CMakeFiles/CMakeTmp

Run Build Command(s):/usr/bin/gmake cmTC_c7ccb/fast && /usr/bin/gmake  -f CMakeFiles/cmTC_c7ccb.dir/build.make CMakeFiles/cmTC_c7ccb.dir/build
gmake[1]: Entering directory '/home/heindelj/OneDrive/Documents/Coding_Projects/c++_projects/ChemLab/CMakeFiles/CMakeTmp'
Building CXX object CMakeFiles/cmTC_c7ccb.dir/src.cxx.o
/usr/bin/c++   -DCMAKE_HAVE_LIBC_PTHREAD -o CMakeFiles/cmTC_c7ccb.dir/src.cxx.o -c /home/heindelj/dev/c++_projects/ChemLab/CMakeFiles/CMakeTmp/src.cxx
Linking CXX executable cmTC_c7ccb
/usr/bin/cmake -E cmake_link_script CMakeFiles/cmTC_c7ccb.dir/link.txt --verbose=1
/usr/bin/c++  -DCMAKE_HAVE_LIBC_PTHREAD -rdynamic CMakeFiles/cmTC_c7ccb.dir/src.cxx.o -o cmTC_c7ccb 
/usr/bin/ld: CMakeFiles/cmTC_c7ccb.dir/src.cxx.o: in function `main':
src.cxx:(.text+0x46): undefined reference to `pthread_create'
/usr/bin/ld: src.cxx:(.text+0x52): undefined reference to `pthread_detach'
/usr/bin/ld: src.cxx:(.text+0x5e): undefined reference to `pthread_cancel'
/usr/bin/ld: src.cxx:(.text+0x6f): undefined reference to `pthread_join'
collect2: error: ld returned 1 exit status
gmake[1]: *** [CMakeFiles/cmTC_c7ccb.dir/build.make:106: cmTC_c7ccb] Error 1
gmake[1]: Leaving directory '/home/heindelj/OneDrive/Documents/Coding_Projects/c++_projects/ChemLab/CMakeFiles/CMakeTmp'
gmake: *** [Makefile:140: cmTC_c7ccb/fast] Error 2


Source file was:
#include <pthread.h>

void* test_func(void* data)
{
  return data;
}

int main(void)
{
  pthread_t thread;
  pthread_create(&thread, NULL, test_func, NULL);
  pthread_detach(thread);
  pthread_cancel(thread);
  pthread_join(thread, NULL);
  pthread_atfork(NULL, NULL, NULL);
  pthread_exit(NULL);

  return 0;
}

